Removed Pin From Net: NetName=CH1 Pin=J7-3
Removed Pin From Net: NetName=CH2 Pin=J8-3
Removed Pin From Net: NetName=CH3 Pin=J10-3
Removed Pin From Net: NetName=CH4 Pin=J12-3
Removed Pin From Net: NetName=CH5 Pin=J13-3
Removed Pin From Net: NetName=CH6 Pin=J14-3
Removed Pin From Net: NetName=NetC20_1 Pin=U1-6
Removed Pin From Net: NetName=NetC19_1 Pin=U1-8
Removed Pin From Net: NetName=NetC18_1 Pin=U1-10
Removed Pin From Net: NetName=NetC17_1 Pin=U1-12
Removed Pin From Net: NetName=NetC16_1 Pin=U1-14
Removed Pin From Net: NetName=NetC15_1 Pin=U1-16
Added Pin To Net: NetName=CH6 Pin=J7-3
Added Pin To Net: NetName=CH5 Pin=J8-3
Added Pin To Net: NetName=CH4 Pin=J10-3
Added Pin To Net: NetName=CH3 Pin=J12-3
Added Pin To Net: NetName=CH2 Pin=J13-3
Added Pin To Net: NetName=CH1 Pin=J14-3
Added Pin To Net: NetName=NetC15_1 Pin=U1-6
Added Pin To Net: NetName=NetC16_1 Pin=U1-8
Added Pin To Net: NetName=NetC17_1 Pin=U1-10
Added Pin To Net: NetName=NetC18_1 Pin=U1-12
Added Pin To Net: NetName=NetC19_1 Pin=U1-14
Added Pin To Net: NetName=NetC20_1 Pin=U1-16
Change Net Name : Old Net Name=CH1 New Net Name=CH6
Change Net Name : Old Net Name=CH2 New Net Name=CH5
Change Net Name : Old Net Name=CH3 New Net Name=CH4
Change Net Name : Old Net Name=CH4 New Net Name=CH3
Change Net Name : Old Net Name=CH5 New Net Name=CH2
Change Net Name : Old Net Name=CH6 New Net Name=CH1
