Replace Part C1 08055C104KAT2A in D:\academics 7\FYP\Electronics\Circuits\Altium project\EEG AFE Project\EEG AFE Sheet 1.SchDoc with 08055C104KAT2A from Schlib.SchLib
Replace Part C2 08055C104KAT2A in D:\academics 7\FYP\Electronics\Circuits\Altium project\EEG AFE Project\EEG AFE Sheet 1.SchDoc with 08055C104KAT2A from Schlib.SchLib
Replace Part C3 08055C104KAT2A in D:\academics 7\FYP\Electronics\Circuits\Altium project\EEG AFE Project\EEG AFE Sheet 1.SchDoc with 08055C104KAT2A from Schlib.SchLib
Replace Part C4 08055C104KAT2A in D:\academics 7\FYP\Electronics\Circuits\Altium project\EEG AFE Project\EEG AFE Sheet 1.SchDoc with 08055C104KAT2A from Schlib.SchLib
Replace Part C5 08055C104KAT2A in D:\academics 7\FYP\Electronics\Circuits\Altium project\EEG AFE Project\EEG AFE Sheet 1.SchDoc with 08055C104KAT2A from Schlib.SchLib
Replace Part C6 08055C104KAT2A in D:\academics 7\FYP\Electronics\Circuits\Altium project\EEG AFE Project\EEG AFE Sheet 1.SchDoc with 08055C104KAT2A from Schlib.SchLib
Replace Part C7 08055C104KAT2A in D:\academics 7\FYP\Electronics\Circuits\Altium project\EEG AFE Project\EEG AFE Sheet 1.SchDoc with 08055C104KAT2A from Schlib.SchLib
Replace Part C8 08055C104KAT2A in D:\academics 7\FYP\Electronics\Circuits\Altium project\EEG AFE Project\EEG AFE Sheet 1.SchDoc with 08055C104KAT2A from Schlib.SchLib
Replace Part C9 08055C104KAT2A in D:\academics 7\FYP\Electronics\Circuits\Altium project\EEG AFE Project\EEG AFE Sheet 1.SchDoc with 08055C104KAT2A from Schlib.SchLib
Replace Part C10 08055C104KAT2A in D:\academics 7\FYP\Electronics\Circuits\Altium project\EEG AFE Project\EEG AFE Sheet 1.SchDoc with 08055C104KAT2A from Schlib.SchLib
Replace Part C11 08055C104KAT2A in D:\academics 7\FYP\Electronics\Circuits\Altium project\EEG AFE Project\EEG AFE Sheet 1.SchDoc with 08055C104KAT2A from Schlib.SchLib
Replace Part C12 08055C104KAT2A in D:\academics 7\FYP\Electronics\Circuits\Altium project\EEG AFE Project\EEG AFE Sheet 1.SchDoc with 08055C104KAT2A from Schlib.SchLib
Replace Part C13 08055C104KAT2A in D:\academics 7\FYP\Electronics\Circuits\Altium project\EEG AFE Project\EEG AFE Sheet 1.SchDoc with 08055C104KAT2A from Schlib.SchLib
Replace Part C14 08055C104KAT2A in D:\academics 7\FYP\Electronics\Circuits\Altium project\EEG AFE Project\EEG AFE Sheet 1.SchDoc with 08055C104KAT2A from Schlib.SchLib
Replace Part J1 TSW-103-07-T-S in D:\academics 7\FYP\Electronics\Circuits\Altium project\EEG AFE Project\EEG AFE Sheet 1.SchDoc with TSW-103-07-T-S from Schlib.SchLib
Replace Part J2 TSW-103-07-T-S in D:\academics 7\FYP\Electronics\Circuits\Altium project\EEG AFE Project\EEG AFE Sheet 1.SchDoc with TSW-103-07-T-S from Schlib.SchLib
Replace Part J3 TSW-103-07-T-S in D:\academics 7\FYP\Electronics\Circuits\Altium project\EEG AFE Project\EEG AFE Sheet 1.SchDoc with TSW-103-07-T-S from Schlib.SchLib
Replace Part J4 TSW-103-07-T-S in D:\academics 7\FYP\Electronics\Circuits\Altium project\EEG AFE Project\EEG AFE Sheet 1.SchDoc with TSW-103-07-T-S from Schlib.SchLib
Replace Part J5 TSW-103-07-T-S in D:\academics 7\FYP\Electronics\Circuits\Altium project\EEG AFE Project\EEG AFE Sheet 1.SchDoc with TSW-103-07-T-S from Schlib.SchLib
Replace Part J6 TSW-103-07-T-S in D:\academics 7\FYP\Electronics\Circuits\Altium project\EEG AFE Project\EEG AFE Sheet 1.SchDoc with TSW-103-07-T-S from Schlib.SchLib
Replace Part OSC1 632L3I002M04800 in D:\academics 7\FYP\Electronics\Circuits\Altium project\EEG AFE Project\EEG AFE Sheet 1.SchDoc with 632L3I002M04800 from Schlib.SchLib
Replace Part U1 TI-ADS1299-PAG-64 in D:\academics 7\FYP\Electronics\Circuits\Altium project\EEG AFE Project\EEG AFE Sheet 1.SchDoc with TI-ADS1299-PAG-64 from Schlib.SchLib
Replace Part U1 TI-ADS1299-PAG-64 in D:\academics 7\FYP\Electronics\Circuits\Altium project\EEG AFE Project\EEG AFE Sheet 1.SchDoc with TI-ADS1299-PAG-64 from Schlib.SchLib
Replace Part U2 OPA376AIDR in D:\academics 7\FYP\Electronics\Circuits\Altium project\EEG AFE Project\EEG AFE Sheet 1.SchDoc with OPA376AIDR from Schlib.SchLib
Replace Part U3 OPA376AIDR in D:\academics 7\FYP\Electronics\Circuits\Altium project\EEG AFE Project\EEG AFE Sheet 1.SchDoc with OPA376AIDR from Schlib.SchLib
Replace Part U4 CL32A107MPVNNNE in D:\academics 7\FYP\Electronics\Circuits\Altium project\EEG AFE Project\EEG AFE Sheet 1.SchDoc with CL32A107MPVNNNE from Schlib.SchLib
Replace Part U5 TPSR105K025R4000 in D:\academics 7\FYP\Electronics\Circuits\Altium project\EEG AFE Project\EEG AFE Sheet 1.SchDoc with TPSR105K025R4000 from Schlib.SchLib
