Removed Pin From Net: NetName=CH6 Pin=J9-1
Removed Pin From Net: NetName=CH5 Pin=J9-2
Removed Pin From Net: NetName=CH4 Pin=J9-3
Removed Pin From Net: NetName=CH3 Pin=J9-4
Removed Pin From Net: NetName=CH2 Pin=J9-5
Removed Pin From Net: NetName=CH1 Pin=J9-6
Removed Pin From Net: NetName=CHREF Pin=J9-7
Removed Pin From Net: NetName=CHBIAS Pin=J9-8
Removed Pin From Net: NetName=CH6 Pin=J11-1
Removed Pin From Net: NetName=CH5 Pin=J11-3
Removed Pin From Net: NetName=CH4 Pin=J11-5
Removed Pin From Net: NetName=CH3 Pin=J11-7
Removed Pin From Net: NetName=CH2 Pin=J11-9
Removed Pin From Net: NetName=CH1 Pin=J11-11
Removed Pin From Net: NetName=CHREF Pin=J11-13
Removed Pin From Net: NetName=CHBIAS Pin=J11-15
Added Pin To Net: NetName=CHBIAS Pin=J9-1
Added Pin To Net: NetName=CH6 Pin=J9-2
Added Pin To Net: NetName=CH5 Pin=J9-3
Added Pin To Net: NetName=CH4 Pin=J9-4
Added Pin To Net: NetName=CH3 Pin=J9-5
Added Pin To Net: NetName=CH2 Pin=J9-6
Added Pin To Net: NetName=CH1 Pin=J9-7
Added Pin To Net: NetName=CHREF Pin=J9-8
Added Pin To Net: NetName=CHBIAS Pin=J11-1
Added Pin To Net: NetName=CH6 Pin=J11-3
Added Pin To Net: NetName=CH5 Pin=J11-5
Added Pin To Net: NetName=CH4 Pin=J11-7
Added Pin To Net: NetName=CH3 Pin=J11-9
Added Pin To Net: NetName=CH2 Pin=J11-11
Added Pin To Net: NetName=CH1 Pin=J11-13
Added Pin To Net: NetName=CHREF Pin=J11-15
